{
  "RSpec": {
    "coverage": {
      "/Users/campuscodemm3/workspace/social-recipes_henrique/app/models/user.rb": [
        1,
        null,
        null,
        1,
        null,
        null,
        1,
        null,
        1,
        null
      ],
      "/Users/campuscodemm3/workspace/social-recipes_henrique/app/models/application_record.rb": [
        1,
        1,
        null
      ],
      "/Users/campuscodemm3/workspace/social-recipes_henrique/app/models/cookery.rb": [
        1,
        null,
        1,
        null,
        1,
        null,
        null
      ],
      "/Users/campuscodemm3/workspace/social-recipes_henrique/app/controllers/cookeries_controller.rb": [
        1,
        null,
        1,
        2,
        null,
        null,
        1,
        2,
        2,
        1,
        null,
        1,
        1,
        null,
        null,
        null,
        1,
        2,
        2,
        null,
        null,
        1,
        null,
        1,
        2,
        null,
        null,
        null
      ],
      "/Users/campuscodemm3/workspace/social-recipes_henrique/app/controllers/application_controller.rb": [
        1,
        1,
        null,
        null
      ],
      "/Users/campuscodemm3/workspace/social-recipes_henrique/app/models/recipe.rb": [
        1,
        null,
        1,
        1,
        1,
        null,
        1,
        null,
        null,
        null,
        30,
        null,
        1,
        null,
        null,
        null,
        1,
        1,
        null,
        null
      ],
      "/Users/campuscodemm3/workspace/social-recipes_henrique/app/models/food.rb": [
        1,
        null,
        1,
        null,
        1,
        null,
        null
      ],
      "/Users/campuscodemm3/workspace/social-recipes_henrique/app/controllers/foods_controller.rb": [
        1,
        null,
        1,
        2,
        null,
        null,
        1,
        2,
        2,
        1,
        null,
        1,
        1,
        null,
        null,
        null,
        1,
        2,
        2,
        null,
        null,
        null,
        1,
        null,
        1,
        2,
        null,
        null,
        null
      ],
      "/Users/campuscodemm3/workspace/social-recipes_henrique/app/controllers/recipes_controller.rb": [
        1,
        1,
        null,
        1,
        23,
        23,
        23,
        null,
        23,
        2,
        null,
        null,
        null,
        1,
        2,
        2,
        2,
        null,
        null,
        1,
        2,
        2,
        1,
        null,
        1,
        1,
        1,
        1,
        null,
        null,
        null,
        1,
        2,
        null,
        null,
        1,
        2,
        2,
        2,
        null,
        null,
        1,
        2,
        2,
        1,
        null,
        1,
        1,
        1,
        1,
        null,
        null,
        null,
        1,
        1,
        1,
        1,
        null,
        null,
        null,
        1,
        null,
        1,
        4,
        null,
        null,
        null,
        null,
        null
      ],
      "/Users/campuscodemm3/workspace/social-recipes_henrique/app/controllers/users_controller.rb": [
        1,
        null,
        1,
        6,
        null,
        null,
        null
      ]
    },
    "timestamp": 1491603321
  }
}
