{
  "RSpec": {
    "coverage": {
      "/home/junqueira/workspace/time-janeiro/rails/recipes/app/models/cookery.rb": [
        1,
        null,
        1,
        null,
        1,
        null,
        null
      ],
      "/home/junqueira/workspace/time-janeiro/rails/recipes/app/controllers/cookeries_controller.rb": [
        1,
        null,
        1,
        2,
        null,
        null,
        1,
        2,
        2,
        1,
        null,
        1,
        1,
        null,
        null,
        null,
        1,
        2,
        2,
        null,
        null,
        1,
        null,
        1,
        2,
        null,
        null,
        null
      ],
      "/home/junqueira/workspace/time-janeiro/rails/recipes/app/controllers/application_controller.rb": [
        1,
        1,
        null,
        null
      ],
      "/home/junqueira/workspace/time-janeiro/rails/recipes/app/models/recipe.rb": [
        1,
        null,
        1,
        1,
        1,
        null,
        1,
        null,
        null,
        null,
        25,
        null,
        3,
        null,
        1,
        1,
        null,
        null
      ],
      "/home/junqueira/workspace/time-janeiro/rails/recipes/app/models/food.rb": [
        1,
        null,
        1,
        null,
        1,
        null,
        null
      ],
      "/home/junqueira/workspace/time-janeiro/rails/recipes/app/controllers/foods_controller.rb": [
        1,
        null,
        1,
        2,
        null,
        null,
        1,
        2,
        2,
        1,
        null,
        1,
        1,
        null,
        null,
        null,
        1,
        2,
        2,
        null,
        null,
        null,
        1,
        null,
        1,
        2,
        null,
        null,
        null
      ],
      "/home/junqueira/workspace/time-janeiro/rails/recipes/app/controllers/recipes_controller.rb": [
        1,
        1,
        null,
        1,
        19,
        19,
        19,
        null,
        19,
        2,
        null,
        null,
        null,
        null,
        1,
        2,
        2,
        2,
        null,
        null,
        1,
        2,
        2,
        1,
        null,
        1,
        1,
        1,
        1,
        null,
        null,
        null,
        1,
        2,
        null,
        null,
        1,
        1,
        1,
        1,
        null,
        null,
        1,
        1,
        1,
        1,
        null,
        0,
        null,
        null,
        null,
        1,
        1,
        1,
        1,
        null,
        null,
        null,
        1,
        null,
        1,
        3,
        null,
        null,
        null,
        null,
        null
      ],
      "/home/junqueira/workspace/time-janeiro/rails/recipes/app/controllers/users_controller.rb": [
        1,
        null,
        1,
        0,
        null,
        null,
        1,
        0,
        0,
        0,
        null,
        0,
        0,
        null,
        null,
        null,
        1,
        5,
        null,
        null,
        1,
        0,
        0,
        null,
        0,
        null,
        null,
        null,
        null,
        1,
        null,
        1,
        0,
        null,
        null,
        null
      ],
      "/home/junqueira/workspace/time-janeiro/rails/recipes/app/channels/application_cable/channel.rb": [
        0,
        0,
        0,
        0
      ],
      "/home/junqueira/workspace/time-janeiro/rails/recipes/app/channels/application_cable/connection.rb": [
        0,
        0,
        0,
        0
      ],
      "/home/junqueira/workspace/time-janeiro/rails/recipes/app/mailers/application_mailer.rb": [
        0,
        0,
        0,
        0
      ],
      "/home/junqueira/workspace/time-janeiro/rails/recipes/app/jobs/application_job.rb": [
        0,
        0
      ],
      "/home/junqueira/workspace/time-janeiro/rails/recipes/app/models/application_record.rb": [
        0,
        0,
        0
      ],
      "/home/junqueira/workspace/time-janeiro/rails/recipes/app/models/user.rb": [
        0,
        0,
        0,
        0,
        0,
        0,
        0,
        0,
        0,
        0
      ],
      "/home/junqueira/workspace/time-janeiro/rails/recipes/app/helpers/application_helper.rb": [
        0,
        0
      ]
    },
    "timestamp": 1490193374
  }
}
